### Custom WaveView ADV log file, revision O-2018.09 (build Aug 27, ) ###
### created at 18:43:55 on Wed Feb 12 2020 (Linux AMD64) ###
### Host Name: n01-zeus.olympus.ece.tamu.edu   User ID:    PID: 39915   ###
wv_start_log
# (0) running in waveview only mode
# (0) SW_SX_PERL_LIB defined
# (0) SW_SX_TCL_LIB defined
# (0) HOME defined
wv_move_window {Custom WaveView} {} 164 187
wv_select_window {Custom WaveView} 
wv_resize_window {Custom WaveView} 954 502
wv_select_window {Custom WaveView} 
wv_press_tool_button {Custom WaveView} {} {RecentFile0} 
wv_press_tool_button {Custom WaveView} {} {WaveformMeasurementTool0} 
wv_press_button {MeasurementTool} {} {Apply} 
wv_set_radion {MeasurementTool} {} {FallEdge} 
wv_press_button {MeasurementTool} {} {Apply} 
wv_press_button {MeasurementTool} {} {Ok} 
wv_select_window {Custom WaveView} 
wv_select_waveview 1 {waveview 1}
wv_select_wv_item WV1.MEAS1
wv_drag_item_to WV1 558 218
wv_move_wv_item WV1.MEAS1 698 246
wv_press_tool_button {Custom WaveView} {} {UpdateWave0} 
wv_press_tool_button {Custom WaveView} {} {UpdateWave0} 
wv_select_window {Custom WaveView} 
wv_press_tool_button {Custom WaveView} {} {UpdateWave0} 
wv_select_window {Custom WaveView} 
wv_press_tool_button {Custom WaveView} {} {UpdateWave0} 
wv_select_dialog {ReloadFiles} 
wv_press_button {ReloadFiles} {} {YesAll} 
wv_select_waveview 1 {waveview 1}
wv_select_wv_item WV1.MEAS2
wv_drag_item_to WV1 785 270
wv_move_wv_item WV1.MEAS2 846 279
wv_select_waveview 1 {waveview 1}
wv_select_wv_item WV1.MEAS3
wv_drag_item_to WV1 837 290
wv_move_wv_item WV1.MEAS3 904 306
wv_select_waveview 1 {waveview 1}
wv_select_wv_item WV1.MEAS2
wv_drag_item_to WV1 903 306
wv_move_wv_item WV1.MEAS2 903 306
wv_select_waveview 1 {waveview 1}
wv_select_wv_item WV1.MEAS1
wv_drag_item_to WV1 748 265
wv_move_wv_item WV1.MEAS1 438 147
wv_press_tool_button {Custom WaveView} {} {UpdateWave0} 
wv_select_dialog {ReloadFiles} 
wv_press_button {ReloadFiles} {} {YesAll} 
wv_press_tool_button {Custom WaveView} {} {UpdateWave0} 
wv_select_window {Custom WaveView} 
wv_press_tool_button {Custom WaveView} {} {UpdateWave0} 
wv_select_dialog {ReloadFiles} 
wv_press_button {ReloadFiles} {} {YesAll} 
wv_press_tool_button {Custom WaveView} {} {UpdateWave0} 
wv_select_dialog {ReloadFiles} 
wv_press_button {ReloadFiles} {} {YesAll} 
wv_press_tool_button {Custom WaveView} {} {UpdateWave0} 
wv_select_dialog {ReloadFiles} 
wv_press_button {ReloadFiles} {} {YesAll} 
wv_press_tool_button {Custom WaveView} {} {UpdateWave0} 
wv_select_dialog {ReloadFiles} 
wv_press_button {ReloadFiles} {} {YesAll} 
wv_press_tool_button {Custom WaveView} {} {UpdateWave0} 
wv_select_dialog {ReloadFiles} 
wv_press_button {ReloadFiles} {} {YesAll} 
wv_press_tool_button {Custom WaveView} {} {UpdateWave0} 
wv_select_dialog {ReloadFiles} 
wv_press_button {ReloadFiles} {} {YesAll} 
wv_press_tool_button {Custom WaveView} {} {UpdateWave0} 
wv_press_tool_button {Custom WaveView} {} {UpdateWave0} 
wv_press_tool_button {Custom WaveView} {} {UpdateWave0} 
wv_select_window {Custom WaveView} 
wv_press_tool_button {Custom WaveView} {} {UpdateWave0} 
wv_select_window {Custom WaveView} 
wv_close_window {Custom WaveView} 
wv_select_dialog {Confirmation} 
#wv_press_button {Confirmation} {} {Ok} 
#*WARNING* Can not remove '/home/ugrads/s/skumar55/.cx_hostport/.cx_hostport_n01-zeus.olympus.ece.tamu.edu_39915'.
